<?xml version="1.0" encoding="UTF-8"?>
<!-- Generated by org.testng.reporters.JUnitReportReporter -->
<testsuite hostname="DVCINH6098168" failures="0" tests="5" name="com.sdetlabs.RestfulWSTest" time="4.407" errors="0" timestamp="22 Oct 2023 18:16:51 GMT">
  <testcase classname="com.sdetlabs.RestfulWSTest" name="PostRequestTest" time="0.619"/>
  <testcase classname="com.sdetlabs.RestfulWSTest" name="PutRequestTest" time="0.688"/>
  <testcase classname="com.sdetlabs.RestfulWSTest" name="DeleteRequestTest" time="1.983"/>
  <testcase classname="com.sdetlabs.RestfulWSTest" name="PatchRequestTest" time="0.679"/>
  <testcase classname="com.sdetlabs.RestfulWSTest" name="GetRequestTest" time="0.438"/>
</testsuite> <!-- com.sdetlabs.RestfulWSTest -->
