<?xml version="1.0" encoding="UTF-8"?>
<!-- Generated by org.testng.reporters.JUnitReportReporter -->
<testsuite hostname="DVCINH6098168" failures="0" tests="5" name="com.sdetlabs.RestfulAndSoapWSTest" time="5.106" errors="0" timestamp="22 Oct 2023 07:42:45 GMT">
  <testcase classname="com.sdetlabs.RestfulAndSoapWSTest" name="DeleteRequestTest" time="2.254"/>
  <testcase classname="com.sdetlabs.RestfulAndSoapWSTest" name="PostRequestTest" time="0.635"/>
  <testcase classname="com.sdetlabs.RestfulAndSoapWSTest" name="PatchRequestTest" time="0.674"/>
  <testcase classname="com.sdetlabs.RestfulAndSoapWSTest" name="GetRequestTest" time="0.921"/>
  <testcase classname="com.sdetlabs.RestfulAndSoapWSTest" name="PutRequestTest" time="0.622"/>
</testsuite> <!-- com.sdetlabs.RestfulAndSoapWSTest -->
